Removed Pin From Net: NetName=GND Pin=D6-2
Removed Pin From Net: NetName=NetC5_1 Pin=R7-2
Removed Pin From Net: NetName=SPI1_SCK Pin=X8-4
Removed Pin From Net: NetName=SPI1_MOSI Pin=X8-6
Removed Pin From Net: NetName=SPI5_SCK Pin=X12-4
Removed Pin From Net: NetName=SPI5_MOSI Pin=X12-6
Removed Member From Class: ClassName=Main Member=D8
Removed Member From Class: ClassName=Main Member=R28
Change Component Designator: OldDesignator=D7 NewDesignator=D6
Change Component Designator: OldDesignator=D8 NewDesignator=D7
Change Component Designator: OldDesignator=R8 NewDesignator=R7
Change Component Designator: OldDesignator=R9 NewDesignator=R8
Change Component Designator: OldDesignator=R10 NewDesignator=R9
Change Component Designator: OldDesignator=R11 NewDesignator=R10
Change Component Designator: OldDesignator=R12 NewDesignator=R11
Change Component Designator: OldDesignator=R13 NewDesignator=R12
Change Component Designator: OldDesignator=R14 NewDesignator=R13
Change Component Designator: OldDesignator=R15 NewDesignator=R14
Change Component Designator: OldDesignator=R16 NewDesignator=R15
Change Component Designator: OldDesignator=R17 NewDesignator=R16
Change Component Designator: OldDesignator=R18 NewDesignator=R17
Change Component Designator: OldDesignator=R19 NewDesignator=R18
Change Component Designator: OldDesignator=R20 NewDesignator=R19
Change Component Designator: OldDesignator=R21 NewDesignator=R20
Change Component Designator: OldDesignator=R22 NewDesignator=R21
Change Component Designator: OldDesignator=R23 NewDesignator=R22
Change Component Designator: OldDesignator=R24 NewDesignator=R23
Change Component Designator: OldDesignator=R25 NewDesignator=R24
Change Component Designator: OldDesignator=R26 NewDesignator=R25
Change Component Designator: OldDesignator=R27 NewDesignator=R26
Change Component Designator: OldDesignator=R28 NewDesignator=R27
Added Pin To Net: NetName=SPI1_MOSI Pin=X8-4
Added Pin To Net: NetName=SPI1_SCK Pin=X8-6
Added Pin To Net: NetName=SPI5_MOSI Pin=X12-4
Added Pin To Net: NetName=SPI5_SCK Pin=X12-6
Change Net Name : Old Net Name=NetD8_1 New Net Name=NetD7_1
Change Net Name : Old Net Name=NetR8_1 New Net Name=NetR7_1
Change Net Name : Old Net Name=NetR9_2 New Net Name=NetR8_2
Change Net Name : Old Net Name=NetR17_1 New Net Name=NetR16_1
Change Net Name : Old Net Name=NetR18_1 New Net Name=NetR17_1
Change Net Name : Old Net Name=NetR19_1 New Net Name=NetR18_1
Change Net Name : Old Net Name=NetR20_1 New Net Name=NetR19_1
Change Net Name : Old Net Name=NetR25_2 New Net Name=NetR24_2
Change Net Name : Old Net Name=NetR26_2 New Net Name=NetR25_2
