Removed Pin From Net: NetName=GND Pin=C?-1
Change Component Designator: OldDesignator=C12 NewDesignator=C11
Change Component Designator: OldDesignator=C13 NewDesignator=C12
Change Component Designator: OldDesignator=C14 NewDesignator=C13
Change Component Designator: OldDesignator=C17 NewDesignator=C16
Change Component Designator: OldDesignator=C18 NewDesignator=C17
Change Component Designator: OldDesignator=C19 NewDesignator=C18
Change Component Designator: OldDesignator=C22 NewDesignator=C21
Change Component Designator: OldDesignator=C? NewDesignator=C6
Change Component Designator: OldDesignator=C? NewDesignator=C14
Change Component Designator: OldDesignator=C? NewDesignator=C15
Change Component Designator: OldDesignator=C? NewDesignator=C19
Change Component Designator: OldDesignator=C? NewDesignator=C20
Change Component Designator: OldDesignator=D4 NewDesignator=D3
Change Component Designator: OldDesignator=D5 NewDesignator=D4
Change Component Designator: OldDesignator=D7 NewDesignator=D6
Change Component Designator: OldDesignator=D? NewDesignator=D5
Change Component Designator: OldDesignator=L? NewDesignator=L1
Change Component Designator: OldDesignator=R9 NewDesignator=R7
Change Component Designator: OldDesignator=R10 NewDesignator=R8
Change Component Designator: OldDesignator=R11 NewDesignator=R9
Change Component Designator: OldDesignator=R12 NewDesignator=R10
Change Component Designator: OldDesignator=R13 NewDesignator=R11
Change Component Designator: OldDesignator=R14 NewDesignator=R12
Change Component Designator: OldDesignator=R15 NewDesignator=R13
Change Component Designator: OldDesignator=R16 NewDesignator=R14
Change Component Designator: OldDesignator=R17 NewDesignator=R15
Change Component Designator: OldDesignator=R18 NewDesignator=R16
Change Component Designator: OldDesignator=R19 NewDesignator=R17
Change Component Designator: OldDesignator=R20 NewDesignator=R18
Change Component Designator: OldDesignator=R21 NewDesignator=R19
Change Component Designator: OldDesignator=R22 NewDesignator=R20
Change Component Designator: OldDesignator=R23 NewDesignator=R21
Change Component Designator: OldDesignator=R24 NewDesignator=R22
Change Component Designator: OldDesignator=R25 NewDesignator=R23
Change Component Designator: OldDesignator=R26 NewDesignator=R24
Change Component Designator: OldDesignator=R27 NewDesignator=R25
Change Component Designator: OldDesignator=U? NewDesignator=U3
Add Component: Footprint Not Found CAP 1206_3216 - 1.0MM
Add Component: Footprint Not Found CAP 1206_3216 - 1.0MM
Added Pin To Net: NetName=VIN Pin=C6-1
Add Pin To Net: Unknown Pin: Pin C7-1
Add Pin To Net: Unknown Pin: Pin C7-2
Add Pin To Net: Unknown Pin: Pin C8-1
Add Pin To Net: Unknown Pin: Pin C8-2
Change Net Name : Old Net Name=NetC12_2 New Net Name=NetC11_2
Change Net Name : Old Net Name=NetC13_2 New Net Name=NetC12_2
Change Net Name : Old Net Name=NetC14_2 New Net Name=NetC13_2
Change Net Name : Old Net Name=NetC17_2 New Net Name=NetC16_2
Change Net Name : Old Net Name=NetC18_2 New Net Name=NetC17_2
Change Net Name : Old Net Name=NetC19_2 New Net Name=NetC18_2
Change Net Name : Old Net Name=NetD4_1 New Net Name=NetD3_1
Change Net Name : Old Net Name=NetD5_1 New Net Name=NetD4_1
Change Net Name : Old Net Name=NetD7_1 New Net Name=NetD6_1
Change Net Name : Old Net Name=NetD?_2 New Net Name=NetD5_2
Change Net Name : Old Net Name=NetR16_1 New Net Name=NetR14_1
Change Net Name : Old Net Name=NetR17_1 New Net Name=NetR15_1
Change Net Name : Old Net Name=NetR18_1 New Net Name=NetR16_1
Change Net Name : Old Net Name=NetR19_1 New Net Name=NetR17_1
Change Net Name : Old Net Name=NetR24_2 New Net Name=NetR22_2
Change Net Name : Old Net Name=NetR25_2 New Net Name=NetR23_2
Add Differential Pair: Number of nets in differential pair D1O is 1 instead of 2
Add Differential Pair: Number of nets in differential pair R1I is 1 instead of 2
Add Differential Pair: Number of nets in differential pair UART1_RX is 1 instead of 2
Add Differential Pair: Number of nets in differential pair UART1_TX is 1 instead of 2
Add Differential Pair: Number of nets in differential pair UART2_RX is 1 instead of 2
Add Differential Pair: Number of nets in differential pair UART2_TX is 1 instead of 2
Add Differential Pair: Number of nets in differential pair UART6_RX is 1 instead of 2
Add Differential Pair: Number of nets in differential pair UART6_TX is 1 instead of 2
Added Member To Class: ClassName=Main Member=Component C6 EEHZA1V470P
Add Class Member: Failed to add class member : Component C7 4.7µF
Add Class Member: Failed to add class member : Component C8 4.7µF
Added Member To Class: ClassName=Main Member=Component C14 293D227X9010E2TE3
Added Member To Class: ClassName=Main Member=Component C15 10µF
Added Member To Class: ClassName=Main Member=Component C20 0.47µF
