Change Component Footprint: Designator=C1 Old Footprint=CAP: TANTAL-E New Footprint=CAP: TANTAL-A
Change Component Comment : Designator=C2 Old Comment=Ceramic capacitor, 0.01?F, X7R, ±10%, 16V, 0201, -55...+125°C New Comment=Ceramic capacitor, 0.1?F, X7R, ±5%, 50V, 0805, -55...+125°C
Change Component Comment : Designator=VD9 Old Comment=LED, Green, *, *, *, -55...+150°C New Comment=LED, BLUE, *, *, *, -55...+150°C
Change Component Comment : Designator=VD10 Old Comment=LED, Green, *, *, *, -55...+150°C New Comment=LED, BLUE, *, *, *, -55...+150°C
Change Component Comment : Designator=VD11 Old Comment=LED, Green, *, *, *, -55...+150°C New Comment=LED, BLUE, *, *, *, -55...+150°C
Change Component Comment : Designator=VD12 Old Comment=LED, Green, *, *, *, -55...+150°C New Comment=LED, BLUE, *, *, *, -55...+150°C
Change Component Comment : Designator=VD13 Old Comment=LED, Green, *, *, *, -55...+150°C New Comment=LED, BLUE, *, *, *, -55...+150°C
Change Component Comment : Designator=VD14 Old Comment=LED, Green, *, *, *, -55...+150°C New Comment=LED, BLUE, *, *, *, -55...+150°C
Change Component Comment : Designator=VD15 Old Comment=LED, Green, *, *, *, -55...+150°C New Comment=LED, BLUE, *, *, *, -55...+150°C
Change Component Comment : Designator=VD16 Old Comment=LED, Green, *, *, *, -55...+150°C New Comment=LED, BLUE, *, *, *, -55...+150°C
Change Component Comment : Designator=VD17 Old Comment=LED, Green, *, *, *, -55...+150°C New Comment=LED, BLUE, *, *, *, -55...+150°C
Change Component Comment : Designator=VD18 Old Comment=LED, Green, *, *, *, -55...+150°C New Comment=LED, BLUE, *, *, *, -55...+150°C
Change Component Comment : Designator=VD1 Old Comment=LED, Green, *, *, *, -55...+150°C New Comment=LED, RED, *, *, *, -55...+150°C
Change Component Comment : Designator=VD2 Old Comment=LED, Green, *, *, *, -55...+150°C New Comment=LED, RED, *, *, *, -55...+150°C
Change Component Comment : Designator=VD3 Old Comment=LED, Green, *, *, *, -55...+150°C New Comment=LED, RED, *, *, *, -55...+150°C
Change Component Comment : Designator=VD4 Old Comment=LED, Green, *, *, *, -55...+150°C New Comment=LED, RED, *, *, *, -55...+150°C
Change Component Comment : Designator=VD5 Old Comment=LED, Green, *, *, *, -55...+150°C New Comment=LED, RED, *, *, *, -55...+150°C
Change Component Comment : Designator=VD6 Old Comment=LED, Green, *, *, *, -55...+150°C New Comment=LED, RED, *, *, *, -55...+150°C
Change Component Comment : Designator=VD7 Old Comment=LED, Green, *, *, *, -55...+150°C New Comment=LED, RED, *, *, *, -55...+150°C
Change Component Comment : Designator=VD8 Old Comment=LED, Green, *, *, *, -55...+150°C New Comment=LED, RED, *, *, *, -55...+150°C
Change Component Comment : Designator=C1 Old Comment=Tantalum capacitor, 0.33?F, 6.3V, ±10%, 2Ohm, case A (3216), -55...+125°C New Comment=Tantalum capacitor, 0.47?F, 35V, ±10%, 10Ohm, case A (3216), -55...+125°C
Change component parameters: Designator = "VD1" ("VD1"); Footprint = "LED: 1206R"; UniqueID = "\KMAZSPJS" ("\KMAZSPJS")
Change component parameters (AddParameter): Name = "Color"; Value = "RED"; VariantName = "[No Variations]"
Change component parameters (AddParameter): Name = "ColorParameter"; Value = "RED"; VariantName = "[No Variations]"
Change component parameters (AddParameter): Name = "Current"; Value = ""; VariantName = "[No Variations]"
Change component parameters (AddParameter): Name = "HelpURL"; Value = ""; VariantName = "[No Variations]"
Change component parameters (AddParameter): Name = "Manufacturer"; Value = ""; VariantName = "[No Variations]"
Change component parameters (AddParameter): Name = "Package"; Value = ""; VariantName = "[No Variations]"
Change component parameters (AddParameter): Name = "PartNumber"; Value = ""; VariantName = "[No Variations]"
Change component parameters (AddParameter): Name = "Temperature"; Value = "-55...+150°C"; VariantName = "[No Variations]"
Change component parameters (AddParameter): Name = "TypeDiode"; Value = "LED"; VariantName = "[No Variations]"
Change component parameters (AddParameter): Name = "ValueManufacturerPartNumber"; Value = "LED, RED, *, *, *, -55...+150°C"; VariantName = "[No Variations]"
Change component parameters (AddParameter): Name = "VoltageDrop"; Value = ""; VariantName = "[No Variations]"
Change component parameters: Designator = "VD2" ("VD2"); Footprint = "LED: 1206R"; UniqueID = "\WHZZUZAA" ("\WHZZUZAA")
Change component parameters (AddParameter): Name = "Color"; Value = "RED"; VariantName = "[No Variations]"
Change component parameters (AddParameter): Name = "ColorParameter"; Value = "RED"; VariantName = "[No Variations]"
Change component parameters (AddParameter): Name = "Current"; Value = ""; VariantName = "[No Variations]"
Change component parameters (AddParameter): Name = "HelpURL"; Value = ""; VariantName = "[No Variations]"
Change component parameters (AddParameter): Name = "Manufacturer"; Value = ""; VariantName = "[No Variations]"
Change component parameters (AddParameter): Name = "Package"; Value = ""; VariantName = "[No Variations]"
Change component parameters (AddParameter): Name = "PartNumber"; Value = ""; VariantName = "[No Variations]"
Change component parameters (AddParameter): Name = "Temperature"; Value = "-55...+150°C"; VariantName = "[No Variations]"
Change component parameters (AddParameter): Name = "TypeDiode"; Value = "LED"; VariantName = "[No Variations]"
Change component parameters (AddParameter): Name = "ValueManufacturerPartNumber"; Value = "LED, RED, *, *, *, -55...+150°C"; VariantName = "[No Variations]"
Change component parameters (AddParameter): Name = "VoltageDrop"; Value = ""; VariantName = "[No Variations]"
Change component parameters: Designator = "VD3" ("VD3"); Footprint = "LED: 1206R"; UniqueID = "\RZPQYZLX" ("\RZPQYZLX")
Change component parameters (AddParameter): Name = "Color"; Value = "RED"; VariantName = "[No Variations]"
Change component parameters (AddParameter): Name = "ColorParameter"; Value = "RED"; VariantName = "[No Variations]"
Change component parameters (AddParameter): Name = "Current"; Value = ""; VariantName = "[No Variations]"
Change component parameters (AddParameter): Name = "HelpURL"; Value = ""; VariantName = "[No Variations]"
Change component parameters (AddParameter): Name = "Manufacturer"; Value = ""; VariantName = "[No Variations]"
Change component parameters (AddParameter): Name = "Package"; Value = ""; VariantName = "[No Variations]"
Change component parameters (AddParameter): Name = "PartNumber"; Value = ""; VariantName = "[No Variations]"
Change component parameters (AddParameter): Name = "Temperature"; Value = "-55...+150°C"; VariantName = "[No Variations]"
Change component parameters (AddParameter): Name = "TypeDiode"; Value = "LED"; VariantName = "[No Variations]"
Change component parameters (AddParameter): Name = "ValueManufacturerPartNumber"; Value = "LED, RED, *, *, *, -55...+150°C"; VariantName = "[No Variations]"
Change component parameters (AddParameter): Name = "VoltageDrop"; Value = ""; VariantName = "[No Variations]"
Change component parameters: Designator = "VD4" ("VD4"); Footprint = "LED: 1206R"; UniqueID = "\JJHTQUZV" ("\JJHTQUZV")
Change component parameters (AddParameter): Name = "Color"; Value = "RED"; VariantName = "[No Variations]"
Change component parameters (AddParameter): Name = "ColorParameter"; Value = "RED"; VariantName = "[No Variations]"
Change component parameters (AddParameter): Name = "Current"; Value = ""; VariantName = "[No Variations]"
Change component parameters (AddParameter): Name = "HelpURL"; Value = ""; VariantName = "[No Variations]"
Change component parameters (AddParameter): Name = "Manufacturer"; Value = ""; VariantName = "[No Variations]"
Change component parameters (AddParameter): Name = "Package"; Value = ""; VariantName = "[No Variations]"
Change component parameters (AddParameter): Name = "PartNumber"; Value = ""; VariantName = "[No Variations]"
Change component parameters (AddParameter): Name = "Temperature"; Value = "-55...+150°C"; VariantName = "[No Variations]"
Change component parameters (AddParameter): Name = "TypeDiode"; Value = "LED"; VariantName = "[No Variations]"
Change component parameters (AddParameter): Name = "ValueManufacturerPartNumber"; Value = "LED, RED, *, *, *, -55...+150°C"; VariantName = "[No Variations]"
Change component parameters (AddParameter): Name = "VoltageDrop"; Value = ""; VariantName = "[No Variations]"
Change component parameters: Designator = "VD5" ("VD5"); Footprint = "LED: 1206R"; UniqueID = "\HJCCYVEX" ("\HJCCYVEX")
Change component parameters (AddParameter): Name = "Color"; Value = "RED"; VariantName = "[No Variations]"
Change component parameters (AddParameter): Name = "ColorParameter"; Value = "RED"; VariantName = "[No Variations]"
Change component parameters (AddParameter): Name = "Current"; Value = ""; VariantName = "[No Variations]"
Change component parameters (AddParameter): Name = "HelpURL"; Value = ""; VariantName = "[No Variations]"
Change component parameters (AddParameter): Name = "Manufacturer"; Value = ""; VariantName = "[No Variations]"
Change component parameters (AddParameter): Name = "Package"; Value = ""; VariantName = "[No Variations]"
Change component parameters (AddParameter): Name = "PartNumber"; Value = ""; VariantName = "[No Variations]"
Change component parameters (AddParameter): Name = "Temperature"; Value = "-55...+150°C"; VariantName = "[No Variations]"
Change component parameters (AddParameter): Name = "TypeDiode"; Value = "LED"; VariantName = "[No Variations]"
Change component parameters (AddParameter): Name = "ValueManufacturerPartNumber"; Value = "LED, RED, *, *, *, -55...+150°C"; VariantName = "[No Variations]"
Change component parameters (AddParameter): Name = "VoltageDrop"; Value = ""; VariantName = "[No Variations]"
Change component parameters: Designator = "VD6" ("VD6"); Footprint = "LED: 1206R"; UniqueID = "\CSYNJFMG" ("\CSYNJFMG")
Change component parameters (AddParameter): Name = "Color"; Value = "RED"; VariantName = "[No Variations]"
Change component parameters (AddParameter): Name = "ColorParameter"; Value = "RED"; VariantName = "[No Variations]"
Change component parameters (AddParameter): Name = "Current"; Value = ""; VariantName = "[No Variations]"
Change component parameters (AddParameter): Name = "HelpURL"; Value = ""; VariantName = "[No Variations]"
Change component parameters (AddParameter): Name = "Manufacturer"; Value = ""; VariantName = "[No Variations]"
Change component parameters (AddParameter): Name = "Package"; Value = ""; VariantName = "[No Variations]"
Change component parameters (AddParameter): Name = "PartNumber"; Value = ""; VariantName = "[No Variations]"
Change component parameters (AddParameter): Name = "Temperature"; Value = "-55...+150°C"; VariantName = "[No Variations]"
Change component parameters (AddParameter): Name = "TypeDiode"; Value = "LED"; VariantName = "[No Variations]"
Change component parameters (AddParameter): Name = "ValueManufacturerPartNumber"; Value = "LED, RED, *, *, *, -55...+150°C"; VariantName = "[No Variations]"
Change component parameters (AddParameter): Name = "VoltageDrop"; Value = ""; VariantName = "[No Variations]"
Change component parameters: Designator = "VD7" ("VD7"); Footprint = "LED: 1206R"; UniqueID = "\LVXAXARB" ("\LVXAXARB")
Change component parameters (AddParameter): Name = "Color"; Value = "RED"; VariantName = "[No Variations]"
Change component parameters (AddParameter): Name = "ColorParameter"; Value = "RED"; VariantName = "[No Variations]"
Change component parameters (AddParameter): Name = "Current"; Value = ""; VariantName = "[No Variations]"
Change component parameters (AddParameter): Name = "HelpURL"; Value = ""; VariantName = "[No Variations]"
Change component parameters (AddParameter): Name = "Manufacturer"; Value = ""; VariantName = "[No Variations]"
Change component parameters (AddParameter): Name = "Package"; Value = ""; VariantName = "[No Variations]"
Change component parameters (AddParameter): Name = "PartNumber"; Value = ""; VariantName = "[No Variations]"
Change component parameters (AddParameter): Name = "Temperature"; Value = "-55...+150°C"; VariantName = "[No Variations]"
Change component parameters (AddParameter): Name = "TypeDiode"; Value = "LED"; VariantName = "[No Variations]"
Change component parameters (AddParameter): Name = "ValueManufacturerPartNumber"; Value = "LED, RED, *, *, *, -55...+150°C"; VariantName = "[No Variations]"
Change component parameters (AddParameter): Name = "VoltageDrop"; Value = ""; VariantName = "[No Variations]"
Change component parameters: Designator = "VD8" ("VD8"); Footprint = "LED: 1206R"; UniqueID = "\NADMPQRG" ("\NADMPQRG")
Change component parameters (AddParameter): Name = "Color"; Value = "RED"; VariantName = "[No Variations]"
Change component parameters (AddParameter): Name = "ColorParameter"; Value = "RED"; VariantName = "[No Variations]"
Change component parameters (AddParameter): Name = "Current"; Value = ""; VariantName = "[No Variations]"
Change component parameters (AddParameter): Name = "HelpURL"; Value = ""; VariantName = "[No Variations]"
Change component parameters (AddParameter): Name = "Manufacturer"; Value = ""; VariantName = "[No Variations]"
Change component parameters (AddParameter): Name = "Package"; Value = ""; VariantName = "[No Variations]"
Change component parameters (AddParameter): Name = "PartNumber"; Value = ""; VariantName = "[No Variations]"
Change component parameters (AddParameter): Name = "Temperature"; Value = "-55...+150°C"; VariantName = "[No Variations]"
Change component parameters (AddParameter): Name = "TypeDiode"; Value = "LED"; VariantName = "[No Variations]"
Change component parameters (AddParameter): Name = "ValueManufacturerPartNumber"; Value = "LED, RED, *, *, *, -55...+150°C"; VariantName = "[No Variations]"
Change component parameters (AddParameter): Name = "VoltageDrop"; Value = ""; VariantName = "[No Variations]"
Change component parameters: Designator = "VD9" ("VD9"); Footprint = "LED: 1206B"; UniqueID = "\AAYUFRPC" ("\AAYUFRPC")
Change component parameters (AddParameter): Name = "Color"; Value = "BLUE"; VariantName = "[No Variations]"
Change component parameters (AddParameter): Name = "ColorParameter"; Value = "BLUE"; VariantName = "[No Variations]"
Change component parameters (AddParameter): Name = "Current"; Value = ""; VariantName = "[No Variations]"
Change component parameters (AddParameter): Name = "HelpURL"; Value = ""; VariantName = "[No Variations]"
Change component parameters (AddParameter): Name = "Manufacturer"; Value = ""; VariantName = "[No Variations]"
Change component parameters (AddParameter): Name = "Package"; Value = ""; VariantName = "[No Variations]"
Change component parameters (AddParameter): Name = "PartNumber"; Value = ""; VariantName = "[No Variations]"
Change component parameters (AddParameter): Name = "Temperature"; Value = "-55...+150°C"; VariantName = "[No Variations]"
Change component parameters (AddParameter): Name = "TypeDiode"; Value = "LED"; VariantName = "[No Variations]"
Change component parameters (AddParameter): Name = "ValueManufacturerPartNumber"; Value = "LED, BLUE, *, *, *, -55...+150°C"; VariantName = "[No Variations]"
Change component parameters (AddParameter): Name = "VoltageDrop"; Value = ""; VariantName = "[No Variations]"
Change component parameters: Designator = "VD10" ("VD10"); Footprint = "LED: 1206B"; UniqueID = "\BAOFYBJD" ("\BAOFYBJD")
Change component parameters (AddParameter): Name = "Color"; Value = "BLUE"; VariantName = "[No Variations]"
Change component parameters (AddParameter): Name = "ColorParameter"; Value = "BLUE"; VariantName = "[No Variations]"
Change component parameters (AddParameter): Name = "Current"; Value = ""; VariantName = "[No Variations]"
Change component parameters (AddParameter): Name = "HelpURL"; Value = ""; VariantName = "[No Variations]"
Change component parameters (AddParameter): Name = "Manufacturer"; Value = ""; VariantName = "[No Variations]"
Change component parameters (AddParameter): Name = "Package"; Value = ""; VariantName = "[No Variations]"
Change component parameters (AddParameter): Name = "PartNumber"; Value = ""; VariantName = "[No Variations]"
Change component parameters (AddParameter): Name = "Temperature"; Value = "-55...+150°C"; VariantName = "[No Variations]"
Change component parameters (AddParameter): Name = "TypeDiode"; Value = "LED"; VariantName = "[No Variations]"
Change component parameters (AddParameter): Name = "ValueManufacturerPartNumber"; Value = "LED, BLUE, *, *, *, -55...+150°C"; VariantName = "[No Variations]"
Change component parameters (AddParameter): Name = "VoltageDrop"; Value = ""; VariantName = "[No Variations]"
Change component parameters: Designator = "VD11" ("VD11"); Footprint = "LED: 1206B"; UniqueID = "\XDEBVUNL" ("\XDEBVUNL")
Change component parameters (AddParameter): Name = "Color"; Value = "BLUE"; VariantName = "[No Variations]"
Change component parameters (AddParameter): Name = "ColorParameter"; Value = "BLUE"; VariantName = "[No Variations]"
Change component parameters (AddParameter): Name = "Current"; Value = ""; VariantName = "[No Variations]"
Change component parameters (AddParameter): Name = "HelpURL"; Value = ""; VariantName = "[No Variations]"
Change component parameters (AddParameter): Name = "Manufacturer"; Value = ""; VariantName = "[No Variations]"
Change component parameters (AddParameter): Name = "Package"; Value = ""; VariantName = "[No Variations]"
Change component parameters (AddParameter): Name = "PartNumber"; Value = ""; VariantName = "[No Variations]"
Change component parameters (AddParameter): Name = "Temperature"; Value = "-55...+150°C"; VariantName = "[No Variations]"
Change component parameters (AddParameter): Name = "TypeDiode"; Value = "LED"; VariantName = "[No Variations]"
Change component parameters (AddParameter): Name = "ValueManufacturerPartNumber"; Value = "LED, BLUE, *, *, *, -55...+150°C"; VariantName = "[No Variations]"
Change component parameters (AddParameter): Name = "VoltageDrop"; Value = ""; VariantName = "[No Variations]"
Change component parameters: Designator = "VD12" ("VD12"); Footprint = "LED: 1206B"; UniqueID = "\ASOBZIXF" ("\ASOBZIXF")
Change component parameters (AddParameter): Name = "Color"; Value = "BLUE"; VariantName = "[No Variations]"
Change component parameters (AddParameter): Name = "ColorParameter"; Value = "BLUE"; VariantName = "[No Variations]"
Change component parameters (AddParameter): Name = "Current"; Value = ""; VariantName = "[No Variations]"
Change component parameters (AddParameter): Name = "HelpURL"; Value = ""; VariantName = "[No Variations]"
Change component parameters (AddParameter): Name = "Manufacturer"; Value = ""; VariantName = "[No Variations]"
Change component parameters (AddParameter): Name = "Package"; Value = ""; VariantName = "[No Variations]"
Change component parameters (AddParameter): Name = "PartNumber"; Value = ""; VariantName = "[No Variations]"
Change component parameters (AddParameter): Name = "Temperature"; Value = "-55...+150°C"; VariantName = "[No Variations]"
Change component parameters (AddParameter): Name = "TypeDiode"; Value = "LED"; VariantName = "[No Variations]"
Change component parameters (AddParameter): Name = "ValueManufacturerPartNumber"; Value = "LED, BLUE, *, *, *, -55...+150°C"; VariantName = "[No Variations]"
Change component parameters (AddParameter): Name = "VoltageDrop"; Value = ""; VariantName = "[No Variations]"
Change component parameters: Designator = "VD13" ("VD13"); Footprint = "LED: 1206B"; UniqueID = "\VQLHAJJS" ("\VQLHAJJS")
Change component parameters (AddParameter): Name = "Color"; Value = "BLUE"; VariantName = "[No Variations]"
Change component parameters (AddParameter): Name = "ColorParameter"; Value = "BLUE"; VariantName = "[No Variations]"
Change component parameters (AddParameter): Name = "Current"; Value = ""; VariantName = "[No Variations]"
Change component parameters (AddParameter): Name = "HelpURL"; Value = ""; VariantName = "[No Variations]"
Change component parameters (AddParameter): Name = "Manufacturer"; Value = ""; VariantName = "[No Variations]"
Change component parameters (AddParameter): Name = "Package"; Value = ""; VariantName = "[No Variations]"
Change component parameters (AddParameter): Name = "PartNumber"; Value = ""; VariantName = "[No Variations]"
Change component parameters (AddParameter): Name = "Temperature"; Value = "-55...+150°C"; VariantName = "[No Variations]"
Change component parameters (AddParameter): Name = "TypeDiode"; Value = "LED"; VariantName = "[No Variations]"
Change component parameters (AddParameter): Name = "ValueManufacturerPartNumber"; Value = "LED, BLUE, *, *, *, -55...+150°C"; VariantName = "[No Variations]"
Change component parameters (AddParameter): Name = "VoltageDrop"; Value = ""; VariantName = "[No Variations]"
Change component parameters: Designator = "VD14" ("VD14"); Footprint = "LED: 1206B"; UniqueID = "\AGAIGWFO" ("\AGAIGWFO")
Change component parameters (AddParameter): Name = "Color"; Value = "BLUE"; VariantName = "[No Variations]"
Change component parameters (AddParameter): Name = "ColorParameter"; Value = "BLUE"; VariantName = "[No Variations]"
Change component parameters (AddParameter): Name = "Current"; Value = ""; VariantName = "[No Variations]"
Change component parameters (AddParameter): Name = "HelpURL"; Value = ""; VariantName = "[No Variations]"
Change component parameters (AddParameter): Name = "Manufacturer"; Value = ""; VariantName = "[No Variations]"
Change component parameters (AddParameter): Name = "Package"; Value = ""; VariantName = "[No Variations]"
Change component parameters (AddParameter): Name = "PartNumber"; Value = ""; VariantName = "[No Variations]"
Change component parameters (AddParameter): Name = "Temperature"; Value = "-55...+150°C"; VariantName = "[No Variations]"
Change component parameters (AddParameter): Name = "TypeDiode"; Value = "LED"; VariantName = "[No Variations]"
Change component parameters (AddParameter): Name = "ValueManufacturerPartNumber"; Value = "LED, BLUE, *, *, *, -55...+150°C"; VariantName = "[No Variations]"
Change component parameters (AddParameter): Name = "VoltageDrop"; Value = ""; VariantName = "[No Variations]"
Change component parameters: Designator = "VD15" ("VD15"); Footprint = "LED: 1206B"; UniqueID = "\QDJRLJFY" ("\QDJRLJFY")
Change component parameters (AddParameter): Name = "Color"; Value = "BLUE"; VariantName = "[No Variations]"
Change component parameters (AddParameter): Name = "ColorParameter"; Value = "BLUE"; VariantName = "[No Variations]"
Change component parameters (AddParameter): Name = "Current"; Value = ""; VariantName = "[No Variations]"
Change component parameters (AddParameter): Name = "HelpURL"; Value = ""; VariantName = "[No Variations]"
Change component parameters (AddParameter): Name = "Manufacturer"; Value = ""; VariantName = "[No Variations]"
Change component parameters (AddParameter): Name = "Package"; Value = ""; VariantName = "[No Variations]"
Change component parameters (AddParameter): Name = "PartNumber"; Value = ""; VariantName = "[No Variations]"
Change component parameters (AddParameter): Name = "Temperature"; Value = "-55...+150°C"; VariantName = "[No Variations]"
Change component parameters (AddParameter): Name = "TypeDiode"; Value = "LED"; VariantName = "[No Variations]"
Change component parameters (AddParameter): Name = "ValueManufacturerPartNumber"; Value = "LED, BLUE, *, *, *, -55...+150°C"; VariantName = "[No Variations]"
Change component parameters (AddParameter): Name = "VoltageDrop"; Value = ""; VariantName = "[No Variations]"
Change component parameters: Designator = "VD16" ("VD16"); Footprint = "LED: 1206B"; UniqueID = "\NGILQCYX" ("\NGILQCYX")
Change component parameters (AddParameter): Name = "Color"; Value = "BLUE"; VariantName = "[No Variations]"
Change component parameters (AddParameter): Name = "ColorParameter"; Value = "BLUE"; VariantName = "[No Variations]"
Change component parameters (AddParameter): Name = "Current"; Value = ""; VariantName = "[No Variations]"
Change component parameters (AddParameter): Name = "HelpURL"; Value = ""; VariantName = "[No Variations]"
Change component parameters (AddParameter): Name = "Manufacturer"; Value = ""; VariantName = "[No Variations]"
Change component parameters (AddParameter): Name = "Package"; Value = ""; VariantName = "[No Variations]"
Change component parameters (AddParameter): Name = "PartNumber"; Value = ""; VariantName = "[No Variations]"
Change component parameters (AddParameter): Name = "Temperature"; Value = "-55...+150°C"; VariantName = "[No Variations]"
Change component parameters (AddParameter): Name = "TypeDiode"; Value = "LED"; VariantName = "[No Variations]"
Change component parameters (AddParameter): Name = "ValueManufacturerPartNumber"; Value = "LED, BLUE, *, *, *, -55...+150°C"; VariantName = "[No Variations]"
Change component parameters (AddParameter): Name = "VoltageDrop"; Value = ""; VariantName = "[No Variations]"
Change component parameters: Designator = "VD17" ("VD17"); Footprint = "LED: 1206B"; UniqueID = "\GEDKXBQI" ("\GEDKXBQI")
Change component parameters (AddParameter): Name = "Color"; Value = "BLUE"; VariantName = "[No Variations]"
Change component parameters (AddParameter): Name = "ColorParameter"; Value = "BLUE"; VariantName = "[No Variations]"
Change component parameters (AddParameter): Name = "Current"; Value = ""; VariantName = "[No Variations]"
Change component parameters (AddParameter): Name = "HelpURL"; Value = ""; VariantName = "[No Variations]"
Change component parameters (AddParameter): Name = "Manufacturer"; Value = ""; VariantName = "[No Variations]"
Change component parameters (AddParameter): Name = "Package"; Value = ""; VariantName = "[No Variations]"
Change component parameters (AddParameter): Name = "PartNumber"; Value = ""; VariantName = "[No Variations]"
Change component parameters (AddParameter): Name = "Temperature"; Value = "-55...+150°C"; VariantName = "[No Variations]"
Change component parameters (AddParameter): Name = "TypeDiode"; Value = "LED"; VariantName = "[No Variations]"
Change component parameters (AddParameter): Name = "ValueManufacturerPartNumber"; Value = "LED, BLUE, *, *, *, -55...+150°C"; VariantName = "[No Variations]"
Change component parameters (AddParameter): Name = "VoltageDrop"; Value = ""; VariantName = "[No Variations]"
Change component parameters: Designator = "VD18" ("VD18"); Footprint = "LED: 1206B"; UniqueID = "\LATKMAMX" ("\LATKMAMX")
Change component parameters (AddParameter): Name = "Color"; Value = "BLUE"; VariantName = "[No Variations]"
Change component parameters (AddParameter): Name = "ColorParameter"; Value = "BLUE"; VariantName = "[No Variations]"
Change component parameters (AddParameter): Name = "Current"; Value = ""; VariantName = "[No Variations]"
Change component parameters (AddParameter): Name = "HelpURL"; Value = ""; VariantName = "[No Variations]"
Change component parameters (AddParameter): Name = "Manufacturer"; Value = ""; VariantName = "[No Variations]"
Change component parameters (AddParameter): Name = "Package"; Value = ""; VariantName = "[No Variations]"
Change component parameters (AddParameter): Name = "PartNumber"; Value = ""; VariantName = "[No Variations]"
Change component parameters (AddParameter): Name = "Temperature"; Value = "-55...+150°C"; VariantName = "[No Variations]"
Change component parameters (AddParameter): Name = "TypeDiode"; Value = "LED"; VariantName = "[No Variations]"
Change component parameters (AddParameter): Name = "ValueManufacturerPartNumber"; Value = "LED, BLUE, *, *, *, -55...+150°C"; VariantName = "[No Variations]"
Change component parameters (AddParameter): Name = "VoltageDrop"; Value = ""; VariantName = "[No Variations]"
Change component parameters: Designator = "C1" ("C1"); Footprint = "CAP: TANTAL-E"; UniqueID = "\PBSEDMAG" ("\PBSEDMAG")
Change component parameters (AddParameter): Name = "HelpURL"; Value = "https://www.digikey.com/en/products/detail/vishay-sprague/293D474X9035A2TE3/1578897"; VariantName = "[No Variations]"
Change component parameters (AddParameter): Name = "Impedance"; Value = "10Ohm"; VariantName = "[No Variations]"
Change component parameters (AddParameter): Name = "Manufacturer"; Value = " VISHAY"; VariantName = "[No Variations]"
Change component parameters (AddParameter): Name = "Package"; Value = "case A (3216)"; VariantName = "[No Variations]"
Change component parameters (AddParameter): Name = "PartNumber"; Value = "293D474X9035A2TE3"; VariantName = "[No Variations]"
Change component parameters (AddParameter): Name = "Temperature"; Value = "-55...+125°C"; VariantName = "[No Variations]"
Change component parameters (AddParameter): Name = "Tolerance"; Value = "±10%"; VariantName = "[No Variations]"
Change component parameters (AddParameter): Name = "TypeCapacitor"; Value = "Tantalum capacitor"; VariantName = "[No Variations]"
Change component parameters (AddParameter): Name = "TypeDielectric"; Value = "X7R"; VariantName = "[No Variations]"
Change component parameters (AddParameter): Name = "Value"; Value = "0.47?F"; VariantName = "[No Variations]"
Change component parameters (AddParameter): Name = "ValueManufacturerPartNumber"; Value = "Tantalum capacitor, 0.47?F, 35V, ±10%, 10Ohm, case A (3216), -55...+125°C"; VariantName = "[No Variations]"
Change component parameters (AddParameter): Name = "Voltage"; Value = "35V"; VariantName = "[No Variations]"
Change component parameters: Designator = "C2" ("C2"); Footprint = "CAP: 0805"; UniqueID = "\KXJWYKFE" ("\KXJWYKFE")
Change component parameters (AddParameter): Name = "HelpURL"; Value = "https://www.digikey.com/en/products/detail/yageo/CC0805JRX7R9BB104/5195265"; VariantName = "[No Variations]"
Change component parameters (AddParameter): Name = "Manufacturer"; Value = "Yageo"; VariantName = "[No Variations]"
Change component parameters (AddParameter): Name = "Package"; Value = "0805"; VariantName = "[No Variations]"
Change component parameters (AddParameter): Name = "PartNumber"; Value = "CC0805JRX7R9BB104"; VariantName = "[No Variations]"
Change component parameters (AddParameter): Name = "Temperature"; Value = "-55...+125°C"; VariantName = "[No Variations]"
Change component parameters (AddParameter): Name = "Tolerance"; Value = "±5%"; VariantName = "[No Variations]"
Change component parameters (AddParameter): Name = "TypeCapacitor"; Value = "Ceramic capacitor"; VariantName = "[No Variations]"
Change component parameters (AddParameter): Name = "TypeDielectric"; Value = "X7R"; VariantName = "[No Variations]"
Change component parameters (AddParameter): Name = "Value"; Value = "0.1?F"; VariantName = "[No Variations]"
Change component parameters (AddParameter): Name = "ValueManufacturerPartNumber"; Value = "Ceramic capacitor, 0.1?F, X7R, ±5%, 50V, 0805, -55...+125°C"; VariantName = "[No Variations]"
Change component parameters (AddParameter): Name = "Voltage"; Value = "50V"; VariantName = "[No Variations]"
Added Member To Class: ClassName=LED Member=Component X1 Connector, 2pin, 2.54mm, 250VAC, 3A
Added Member To Class: ClassName=LED Member=Component X3 Connector, 2pin, 2.54mm, 250VAC, 3A
Added Member To Class: ClassName=LED Member=Component X4 Connector, 2pin, 2.54mm, 250VAC, 3A
Added Room: Name=LED
