Added Component: Designator=U2(D0016A_N)
Add component (AddParameter): Name = "Copyright"; Value = "Copyright (C) 2021 Accelerated Designs. All rights reserved"; VariantName = "[No Variations]"
Add component (AddParameter): Name = "Manufacturer"; Value = "Texas Instruments"; VariantName = "[No Variations]"
Add component (AddParameter): Name = "PartNumber"; Value = "SN74HC595DR"; VariantName = "[No Variations]"
Add component (AddParameter): Name = "RefDes"; Value = "RefDes"; VariantName = "[No Variations]"
Add component (AddParameter): Name = "Type"; Value = "DEV"; VariantName = "[No Variations]"
Add component (AddParameter): Name = "Value"; Value = "Value"; VariantName = "[No Variations]"
Added Component: Designator=U3(D0016A_N)
Add component (AddParameter): Name = "Copyright"; Value = "Copyright (C) 2021 Accelerated Designs. All rights reserved"; VariantName = "[No Variations]"
Add component (AddParameter): Name = "Manufacturer"; Value = "Texas Instruments"; VariantName = "[No Variations]"
Add component (AddParameter): Name = "PartNumber"; Value = "SN74HC595DR"; VariantName = "[No Variations]"
Add component (AddParameter): Name = "RefDes"; Value = "RefDes"; VariantName = "[No Variations]"
Add component (AddParameter): Name = "Type"; Value = "DEV"; VariantName = "[No Variations]"
Add component (AddParameter): Name = "Value"; Value = "Value"; VariantName = "[No Variations]"
Added Pin To Net: NetName=NetU2_1 Pin=U2-1
Added Pin To Net: NetName=NetU2_2 Pin=U2-2
Added Pin To Net: NetName=NetU2_3 Pin=U2-3
Added Pin To Net: NetName=NetU2_4 Pin=U2-4
Added Pin To Net: NetName=NetU2_5 Pin=U2-5
Added Pin To Net: NetName=NetU2_6 Pin=U2-6
Added Pin To Net: NetName=NetU2_7 Pin=U2-7
Added Pin To Net: NetName=GND Pin=U2-8
Added Pin To Net: NetName=NetU2_9 Pin=U2-9
Added Pin To Net: NetName=5V Pin=U2-10
Added Pin To Net: NetName=SRCLK Pin=U2-11
Added Pin To Net: NetName=RCLK Pin=U2-12
Added Pin To Net: NetName=GND Pin=U2-13
Added Pin To Net: NetName=SER Pin=U2-14
Added Pin To Net: NetName=NetU2_15 Pin=U2-15
Added Pin To Net: NetName=5V Pin=U2-16
Added Pin To Net: NetName=NetU3_1 Pin=U3-1
Added Pin To Net: NetName=GND Pin=U3-8
Added Pin To Net: NetName=5V Pin=U3-10
Added Pin To Net: NetName=SRCLK Pin=U3-11
Added Pin To Net: NetName=RCLK Pin=U3-12
Added Pin To Net: NetName=GND Pin=U3-13
Added Pin To Net: NetName=NetU2_9 Pin=U3-14
Added Pin To Net: NetName=NetU3_15 Pin=U3-15
Added Pin To Net: NetName=5V Pin=U3-16
Added Member To Class: ClassName=LED Member=Component U2
Added Member To Class: ClassName=LED Member=Component U3
