Replace Part C1 Tantal in C:\Users\Public\Documents\Altium\Projects\LED\LED.SchDoc with Tantal from capacitor.SchLib
Replace Part C2 Ceramic in C:\Users\Public\Documents\Altium\Projects\LED\LED.SchDoc with Ceramic from capacitor.SchLib
Replace Part R1 Resistor in C:\Users\Public\Documents\Altium\Projects\LED\LED.SchDoc with Resistor from resistor.SchLib
Replace Part R2 Resistor in C:\Users\Public\Documents\Altium\Projects\LED\LED.SchDoc with Resistor from resistor.SchLib
Replace Part R3 Resistor in C:\Users\Public\Documents\Altium\Projects\LED\LED.SchDoc with Resistor from resistor.SchLib
Replace Part R4 Resistor in C:\Users\Public\Documents\Altium\Projects\LED\LED.SchDoc with Resistor from resistor.SchLib
Replace Part R5 Resistor in C:\Users\Public\Documents\Altium\Projects\LED\LED.SchDoc with Resistor from resistor.SchLib
Replace Part R6 Resistor in C:\Users\Public\Documents\Altium\Projects\LED\LED.SchDoc with Resistor from resistor.SchLib
Replace Part R7 Resistor in C:\Users\Public\Documents\Altium\Projects\LED\LED.SchDoc with Resistor from resistor.SchLib
Replace Part R8 Resistor in C:\Users\Public\Documents\Altium\Projects\LED\LED.SchDoc with Resistor from resistor.SchLib
Replace Part R9 Resistor in C:\Users\Public\Documents\Altium\Projects\LED\LED.SchDoc with Resistor from resistor.SchLib
Replace Part R10 Resistor in C:\Users\Public\Documents\Altium\Projects\LED\LED.SchDoc with Resistor from resistor.SchLib
Replace Part R11 Resistor in C:\Users\Public\Documents\Altium\Projects\LED\LED.SchDoc with Resistor from resistor.SchLib
Replace Part R12 Resistor in C:\Users\Public\Documents\Altium\Projects\LED\LED.SchDoc with Resistor from resistor.SchLib
Replace Part R13 Resistor in C:\Users\Public\Documents\Altium\Projects\LED\LED.SchDoc with Resistor from resistor.SchLib
Replace Part R14 Resistor in C:\Users\Public\Documents\Altium\Projects\LED\LED.SchDoc with Resistor from resistor.SchLib
Replace Part R15 Resistor in C:\Users\Public\Documents\Altium\Projects\LED\LED.SchDoc with Resistor from resistor.SchLib
Replace Part R16 Resistor in C:\Users\Public\Documents\Altium\Projects\LED\LED.SchDoc with Resistor from resistor.SchLib
Replace Part R17 Resistor in C:\Users\Public\Documents\Altium\Projects\LED\LED.SchDoc with Resistor from resistor.SchLib
Replace Part R18 Resistor in C:\Users\Public\Documents\Altium\Projects\LED\LED.SchDoc with Resistor from resistor.SchLib
Replace Part U1 IC_ON_Semi_MC7805BDTG_eec in C:\Users\Public\Documents\Altium\Projects\LED\LED.SchDoc with IC_ON_Semi_MC7805BDTG_eec from Integrated_Library1.IntLib
Replace Part U2 SN74HC595D in C:\Users\Public\Documents\Altium\Projects\LED\LED.SchDoc with SN74HC595D from SN74HC595D.IntLib
Replace Part U3 SN74HC595D in C:\Users\Public\Documents\Altium\Projects\LED\LED.SchDoc with SN74HC595D from SN74HC595D.IntLib
Replace Part VD1 LED_single in C:\Users\Public\Documents\Altium\Projects\LED\LED.SchDoc with LED_single from diode.SchLib
Replace Part VD2 LED_single in C:\Users\Public\Documents\Altium\Projects\LED\LED.SchDoc with LED_single from diode.SchLib
Replace Part VD3 LED_single in C:\Users\Public\Documents\Altium\Projects\LED\LED.SchDoc with LED_single from diode.SchLib
Replace Part VD4 LED_single in C:\Users\Public\Documents\Altium\Projects\LED\LED.SchDoc with LED_single from diode.SchLib
Replace Part VD5 LED_single in C:\Users\Public\Documents\Altium\Projects\LED\LED.SchDoc with LED_single from diode.SchLib
Replace Part VD6 LED_single in C:\Users\Public\Documents\Altium\Projects\LED\LED.SchDoc with LED_single from diode.SchLib
Replace Part VD7 LED_single in C:\Users\Public\Documents\Altium\Projects\LED\LED.SchDoc with LED_single from diode.SchLib
Replace Part VD8 LED_single in C:\Users\Public\Documents\Altium\Projects\LED\LED.SchDoc with LED_single from diode.SchLib
Replace Part VD9 LED_single in C:\Users\Public\Documents\Altium\Projects\LED\LED.SchDoc with LED_single from diode.SchLib
Replace Part VD10 LED_single in C:\Users\Public\Documents\Altium\Projects\LED\LED.SchDoc with LED_single from diode.SchLib
Replace Part VD11 LED_single in C:\Users\Public\Documents\Altium\Projects\LED\LED.SchDoc with LED_single from diode.SchLib
Replace Part VD12 LED_single in C:\Users\Public\Documents\Altium\Projects\LED\LED.SchDoc with LED_single from diode.SchLib
Replace Part VD13 LED_single in C:\Users\Public\Documents\Altium\Projects\LED\LED.SchDoc with LED_single from diode.SchLib
Replace Part VD14 LED_single in C:\Users\Public\Documents\Altium\Projects\LED\LED.SchDoc with LED_single from diode.SchLib
Replace Part VD15 LED_single in C:\Users\Public\Documents\Altium\Projects\LED\LED.SchDoc with LED_single from diode.SchLib
Replace Part VD16 LED_single in C:\Users\Public\Documents\Altium\Projects\LED\LED.SchDoc with LED_single from diode.SchLib
Replace Part VD17 LED_single in C:\Users\Public\Documents\Altium\Projects\LED\LED.SchDoc with LED_single from diode.SchLib
Replace Part VD18 LED_single in C:\Users\Public\Documents\Altium\Projects\LED\LED.SchDoc with LED_single from diode.SchLib
Replace Part X1 CWF-2 in C:\Users\Public\Documents\Altium\Projects\LED\LED.SchDoc with CWF-2 from connector.SchLib
Replace Part X2 CWF-2 in C:\Users\Public\Documents\Altium\Projects\LED\LED.SchDoc with CWF-2 from connector.SchLib
Replace Part X3 CWF-2 in C:\Users\Public\Documents\Altium\Projects\LED\LED.SchDoc with CWF-2 from connector.SchLib
Replace Part X4 CWF-2 in C:\Users\Public\Documents\Altium\Projects\LED\LED.SchDoc with CWF-2 from connector.SchLib
Replace Part X5 CWF-6 in C:\Users\Public\Documents\Altium\Projects\LED\LED.SchDoc with CWF-6 from connector.SchLib
